1593621547915	mozrunner::runner	INFO	Running command: "/usr/bin/firefox" "-marionette" "-foreground" "-no-remote" "-profile" "/tmp/rust_mozprofileZCtIZi"
1593621553472	addons.webextension.screenshots@mozilla.org	WARN	Loading extension 'screenshots@mozilla.org': Reading manifest: Invalid host permission: resource://pdf.js/
1593621553473	addons.webextension.screenshots@mozilla.org	WARN	Loading extension 'screenshots@mozilla.org': Reading manifest: Invalid host permission: about:reader*
1593621560208	Marionette	INFO	Listening on port 46775
1593621560291	Marionette	WARN	TLS certificate errors will be ignored for this session
1593621562641	Marionette	INFO	Stopped listening on port 46775
JavaScript error: resource://activity-stream/lib/ActivityStreamPrefs.jsm, line 23: NS_ERROR_ILLEGAL_VALUE: Component returned failure code: 0x80070057 (NS_ERROR_ILLEGAL_VALUE) [nsIPrefBranch.removeObserver]
[Parent 4743, Gecko_IOThread] WARNING: pipe error (90): Connection reset by peer: file /build/firefox-72FCXa/firefox-65.0.1+linuxmint1+tessa/ipc/chromium/src/chrome/common/ipc_channel_posix.cc, line 349
[Parent 4743, Gecko_IOThread] WARNING: pipe error (84): Connection reset by peer: file /build/firefox-72FCXa/firefox-65.0.1+linuxmint1+tessa/ipc/chromium/src/chrome/common/ipc_channel_posix.cc, line 349

###!!! [Parent][DispatchAsyncMessage] Error: PBackgroundIDBFactory::Msg_PBackgroundIDBFactoryRequestConstructor Value error: message was deserialized, but contained an illegal value


###!!! [Parent][DispatchAsyncMessage] Error: PBackgroundIDBFactory::Msg_PBackgroundIDBFactoryRequestConstructor Value error: message was deserialized, but contained an illegal value

1593621721949	mozrunner::runner	INFO	Running command: "/usr/bin/firefox" "-marionette" "-foreground" "-no-remote" "-profile" "/tmp/rust_mozprofile7StOms"
1593621722294	addons.webextension.screenshots@mozilla.org	WARN	Loading extension 'screenshots@mozilla.org': Reading manifest: Invalid host permission: resource://pdf.js/
1593621722294	addons.webextension.screenshots@mozilla.org	WARN	Loading extension 'screenshots@mozilla.org': Reading manifest: Invalid host permission: about:reader*
1593621724678	Marionette	INFO	Listening on port 45113
1593621724771	Marionette	WARN	TLS certificate errors will be ignored for this session
1593621729492	Marionette	INFO	Stopped listening on port 45113
[Parent 5239, Gecko_IOThread] WARNING: pipe error (90): Connection reset by peer: file /build/firefox-72FCXa/firefox-65.0.1+linuxmint1+tessa/ipc/chromium/src/chrome/common/ipc_channel_posix.cc, line 349
1593621902103	mozrunner::runner	INFO	Running command: "/usr/bin/firefox" "-marionette" "-foreground" "-no-remote" "-profile" "/tmp/rust_mozprofile4ZCtvI"
1593621902447	addons.webextension.screenshots@mozilla.org	WARN	Loading extension 'screenshots@mozilla.org': Reading manifest: Invalid host permission: resource://pdf.js/
1593621902447	addons.webextension.screenshots@mozilla.org	WARN	Loading extension 'screenshots@mozilla.org': Reading manifest: Invalid host permission: about:reader*
1593621904754	Marionette	INFO	Listening on port 43179
1593621904852	Marionette	WARN	TLS certificate errors will be ignored for this session
1593621909702	Marionette	INFO	Stopped listening on port 43179
[Parent 5560, Gecko_IOThread] WARNING: pipe error (76): Connection reset by peer: file /build/firefox-72FCXa/firefox-65.0.1+linuxmint1+tessa/ipc/chromium/src/chrome/common/ipc_channel_posix.cc, line 349
1593633034079	mozrunner::runner	INFO	Running command: "/usr/bin/firefox" "-marionette" "-foreground" "-no-remote" "-profile" "/tmp/rust_mozprofiledj7NM6"
1593633039704	addons.webextension.screenshots@mozilla.org	WARN	Loading extension 'screenshots@mozilla.org': Reading manifest: Invalid host permission: resource://pdf.js/
1593633039704	addons.webextension.screenshots@mozilla.org	WARN	Loading extension 'screenshots@mozilla.org': Reading manifest: Invalid host permission: about:reader*
1593633046390	Marionette	INFO	Listening on port 36261
1593633046463	Marionette	WARN	TLS certificate errors will be ignored for this session
1593633052434	Marionette	INFO	Stopped listening on port 36261
[Parent 3993, Gecko_IOThread] WARNING: pipe error (68): Connection reset by peer: file /build/firefox-72FCXa/firefox-65.0.1+linuxmint1+tessa/ipc/chromium/src/chrome/common/ipc_channel_posix.cc, line 349
[Parent 3993, Gecko_IOThread] WARNING: pipe error (90): Connection reset by peer: file /build/firefox-72FCXa/firefox-65.0.1+linuxmint1+tessa/ipc/chromium/src/chrome/common/ipc_channel_posix.cc, line 349
1593696627774	mozrunner::runner	INFO	Running command: "/usr/bin/firefox" "-marionette" "-foreground" "-no-remote" "-profile" "/tmp/rust_mozprofileFBsjRx"
1593696633276	addons.webextension.screenshots@mozilla.org	WARN	Loading extension 'screenshots@mozilla.org': Reading manifest: Invalid host permission: resource://pdf.js/
1593696633277	addons.webextension.screenshots@mozilla.org	WARN	Loading extension 'screenshots@mozilla.org': Reading manifest: Invalid host permission: about:reader*
1593696639680	Marionette	INFO	Listening on port 32903
1593696639765	Marionette	WARN	TLS certificate errors will be ignored for this session
1593696644909	Marionette	INFO	Stopped listening on port 32903
[Parent 4106, Gecko_IOThread] WARNING: pipe error (84): Connection reset by peer: file /build/firefox-72FCXa/firefox-65.0.1+linuxmint1+tessa/ipc/chromium/src/chrome/common/ipc_channel_posix.cc, line 349
[Parent 4106, Gecko_IOThread] WARNING: pipe error (68): Connection reset by peer: file /build/firefox-72FCXa/firefox-65.0.1+linuxmint1+tessa/ipc/chromium/src/chrome/common/ipc_channel_posix.cc, line 349
1593700125572	mozrunner::runner	INFO	Running command: "/usr/bin/firefox" "-marionette" "-foreground" "-no-remote" "-profile" "/tmp/rust_mozprofilem2badx"
1593700125913	addons.webextension.screenshots@mozilla.org	WARN	Loading extension 'screenshots@mozilla.org': Reading manifest: Invalid host permission: resource://pdf.js/
1593700125913	addons.webextension.screenshots@mozilla.org	WARN	Loading extension 'screenshots@mozilla.org': Reading manifest: Invalid host permission: about:reader*
1593700128395	Marionette	INFO	Listening on port 35545
1593700128513	Marionette	WARN	TLS certificate errors will be ignored for this session
1593700133157	Marionette	INFO	Stopped listening on port 35545
[Parent 5455, Gecko_IOThread] WARNING: pipe error (62): Connection reset by peer: file /build/firefox-72FCXa/firefox-65.0.1+linuxmint1+tessa/ipc/chromium/src/chrome/common/ipc_channel_posix.cc, line 349
[Parent 5455, Gecko_IOThread] WARNING: pipe error (76): Connection reset by peer: file /build/firefox-72FCXa/firefox-65.0.1+linuxmint1+tessa/ipc/chromium/src/chrome/common/ipc_channel_posix.cc, line 349
1593700150168	mozrunner::runner	INFO	Running command: "/usr/bin/firefox" "-marionette" "-foreground" "-no-remote" "-profile" "/tmp/rust_mozprofilePP7SNa"
1593700150496	addons.webextension.screenshots@mozilla.org	WARN	Loading extension 'screenshots@mozilla.org': Reading manifest: Invalid host permission: resource://pdf.js/
1593700150497	addons.webextension.screenshots@mozilla.org	WARN	Loading extension 'screenshots@mozilla.org': Reading manifest: Invalid host permission: about:reader*
1593700152790	Marionette	INFO	Listening on port 37413
1593700152887	Marionette	WARN	TLS certificate errors will be ignored for this session
1593700158092	Marionette	INFO	Stopped listening on port 37413
[Parent 5739, Gecko_IOThread] WARNING: pipe error (76): Connection reset by peer: file /build/firefox-72FCXa/firefox-65.0.1+linuxmint1+tessa/ipc/chromium/src/chrome/common/ipc_channel_posix.cc, line 349
1593700176387	mozrunner::runner	INFO	Running command: "/usr/bin/firefox" "-marionette" "-foreground" "-no-remote" "-profile" "/tmp/rust_mozprofilecCIUUf"
1593700176739	addons.webextension.screenshots@mozilla.org	WARN	Loading extension 'screenshots@mozilla.org': Reading manifest: Invalid host permission: resource://pdf.js/
1593700176739	addons.webextension.screenshots@mozilla.org	WARN	Loading extension 'screenshots@mozilla.org': Reading manifest: Invalid host permission: about:reader*
1593700179011	Marionette	INFO	Listening on port 38403
1593700179144	Marionette	WARN	TLS certificate errors will be ignored for this session
1593700195900	Marionette	INFO	Stopped listening on port 38403
[Parent 6057, Gecko_IOThread] WARNING: pipe error (76): Connection reset by peer: file /build/firefox-72FCXa/firefox-65.0.1+linuxmint1+tessa/ipc/chromium/src/chrome/common/ipc_channel_posix.cc, line 349
1593700243959	mozrunner::runner	INFO	Running command: "/usr/bin/firefox" "-marionette" "-foreground" "-no-remote" "-profile" "/tmp/rust_mozprofileC2vasy"
1593700244295	addons.webextension.screenshots@mozilla.org	WARN	Loading extension 'screenshots@mozilla.org': Reading manifest: Invalid host permission: resource://pdf.js/
1593700244295	addons.webextension.screenshots@mozilla.org	WARN	Loading extension 'screenshots@mozilla.org': Reading manifest: Invalid host permission: about:reader*
1593700246807	Marionette	INFO	Listening on port 45979
1593700246896	Marionette	WARN	TLS certificate errors will be ignored for this session
1593700252348	Marionette	INFO	Stopped listening on port 45979
JavaScript error: jar:file:///usr/lib/firefox/omni.ja!/components/nsUrlClassifierListManager.js, line 597: TypeError: this.tablesData[table] is undefined
[Parent 6391, Gecko_IOThread] WARNING: pipe error (76): Connection reset by peer: file /build/firefox-72FCXa/firefox-65.0.1+linuxmint1+tessa/ipc/chromium/src/chrome/common/ipc_channel_posix.cc, line 349
1593710501144	mozrunner::runner	INFO	Running command: "/usr/bin/firefox" "-marionette" "-foreground" "-no-remote" "-profile" "/tmp/rust_mozprofileUlx2N2"
1593710501486	addons.webextension.screenshots@mozilla.org	WARN	Loading extension 'screenshots@mozilla.org': Reading manifest: Invalid host permission: resource://pdf.js/
1593710501486	addons.webextension.screenshots@mozilla.org	WARN	Loading extension 'screenshots@mozilla.org': Reading manifest: Invalid host permission: about:reader*
1593710503872	Marionette	INFO	Listening on port 37215
1593710503968	Marionette	WARN	TLS certificate errors will be ignored for this session
1593710509257	Marionette	INFO	Stopped listening on port 37215
[Parent 8590, Gecko_IOThread] WARNING: pipe error (76): Connection reset by peer: file /build/firefox-72FCXa/firefox-65.0.1+linuxmint1+tessa/ipc/chromium/src/chrome/common/ipc_channel_posix.cc, line 349
1593711184394	mozrunner::runner	INFO	Running command: "/usr/bin/firefox" "-marionette" "-foreground" "-no-remote" "-profile" "/tmp/rust_mozprofilehfYk9G"
1593711184985	addons.webextension.screenshots@mozilla.org	WARN	Loading extension 'screenshots@mozilla.org': Reading manifest: Invalid host permission: resource://pdf.js/
1593711184985	addons.webextension.screenshots@mozilla.org	WARN	Loading extension 'screenshots@mozilla.org': Reading manifest: Invalid host permission: about:reader*
1593711188209	Marionette	INFO	Listening on port 34391
1593711188228	Marionette	WARN	TLS certificate errors will be ignored for this session
1593711193505	Marionette	INFO	Stopped listening on port 34391
[Parent 9049, Gecko_IOThread] WARNING: pipe error (79): Connection reset by peer: file /build/firefox-72FCXa/firefox-65.0.1+linuxmint1+tessa/ipc/chromium/src/chrome/common/ipc_channel_posix.cc, line 349
1593711427964	mozrunner::runner	INFO	Running command: "/usr/bin/firefox" "-marionette" "-foreground" "-no-remote" "-profile" "/tmp/rust_mozprofilePv9EZQ"
1593711428294	addons.webextension.screenshots@mozilla.org	WARN	Loading extension 'screenshots@mozilla.org': Reading manifest: Invalid host permission: resource://pdf.js/
1593711428294	addons.webextension.screenshots@mozilla.org	WARN	Loading extension 'screenshots@mozilla.org': Reading manifest: Invalid host permission: about:reader*
1593711430872	Marionette	INFO	Listening on port 40447
1593711431009	Marionette	WARN	TLS certificate errors will be ignored for this session
1593711436615	Marionette	INFO	Stopped listening on port 40447
[Parent 9622, Gecko_IOThread] WARNING: pipe error (76): Connection reset by peer: file /build/firefox-72FCXa/firefox-65.0.1+linuxmint1+tessa/ipc/chromium/src/chrome/common/ipc_channel_posix.cc, line 349
1593711639024	mozrunner::runner	INFO	Running command: "/usr/bin/firefox" "-marionette" "-foreground" "-no-remote" "-profile" "/tmp/rust_mozprofilede6a1Z"
1593711639608	addons.webextension.screenshots@mozilla.org	WARN	Loading extension 'screenshots@mozilla.org': Reading manifest: Invalid host permission: resource://pdf.js/
1593711639608	addons.webextension.screenshots@mozilla.org	WARN	Loading extension 'screenshots@mozilla.org': Reading manifest: Invalid host permission: about:reader*
1593711642699	Marionette	INFO	Listening on port 46771
1593711642793	Marionette	WARN	TLS certificate errors will be ignored for this session
1593711649415	Marionette	INFO	Stopped listening on port 46771
[Parent 9989, Gecko_IOThread] WARNING: pipe error (82): Connection reset by peer: file /build/firefox-72FCXa/firefox-65.0.1+linuxmint1+tessa/ipc/chromium/src/chrome/common/ipc_channel_posix.cc, line 349
1593711906906	mozrunner::runner	INFO	Running command: "/usr/bin/firefox" "-marionette" "-foreground" "-no-remote" "-profile" "/tmp/rust_mozprofileLMx6rf"
1593711907503	addons.webextension.screenshots@mozilla.org	WARN	Loading extension 'screenshots@mozilla.org': Reading manifest: Invalid host permission: resource://pdf.js/
1593711907504	addons.webextension.screenshots@mozilla.org	WARN	Loading extension 'screenshots@mozilla.org': Reading manifest: Invalid host permission: about:reader*
1593711910556	Marionette	INFO	Listening on port 44689
1593711910647	Marionette	WARN	TLS certificate errors will be ignored for this session
1593711921732	Marionette	INFO	Stopped listening on port 44689
[Parent 10355, Gecko_IOThread] WARNING: pipe error (82): Connection reset by peer: file /build/firefox-72FCXa/firefox-65.0.1+linuxmint1+tessa/ipc/chromium/src/chrome/common/ipc_channel_posix.cc, line 349
1593712058484	mozrunner::runner	INFO	Running command: "/usr/bin/firefox" "-marionette" "-foreground" "-no-remote" "-profile" "/tmp/rust_mozprofiledeeuMc"
1593712059081	addons.webextension.screenshots@mozilla.org	WARN	Loading extension 'screenshots@mozilla.org': Reading manifest: Invalid host permission: resource://pdf.js/
1593712059082	addons.webextension.screenshots@mozilla.org	WARN	Loading extension 'screenshots@mozilla.org': Reading manifest: Invalid host permission: about:reader*
1593712062187	Marionette	INFO	Listening on port 37133
1593712062283	Marionette	WARN	TLS certificate errors will be ignored for this session
1593712066470	Marionette	INFO	Stopped listening on port 37133
[Parent 10672, Gecko_IOThread] WARNING: pipe error (76): Connection reset by peer: file /build/firefox-72FCXa/firefox-65.0.1+linuxmint1+tessa/ipc/chromium/src/chrome/common/ipc_channel_posix.cc, line 349
1593725904930	mozrunner::runner	INFO	Running command: "/usr/bin/firefox" "-marionette" "-foreground" "-no-remote" "-profile" "/tmp/rust_mozprofileo6OKaI"
1593725910599	addons.webextension.screenshots@mozilla.org	WARN	Loading extension 'screenshots@mozilla.org': Reading manifest: Invalid host permission: resource://pdf.js/
1593725910599	addons.webextension.screenshots@mozilla.org	WARN	Loading extension 'screenshots@mozilla.org': Reading manifest: Invalid host permission: about:reader*
1593725917098	Marionette	INFO	Listening on port 42291
1593725917122	Marionette	WARN	TLS certificate errors will be ignored for this session
1593725924161	Marionette	INFO	Stopped listening on port 42291
IPDL protocol error: Handler returned error code!
[Parent 2782, Gecko_IOThread] WARNING: pipe error (87): Connection reset by peer: file /build/firefox-72FCXa/firefox-65.0.1+linuxmint1+tessa/ipc/chromium/src/chrome/common/ipc_channel_posix.cc, line 349

###!!! [Parent][DispatchAsyncMessage] Error: PLayerTransaction::Msg_ReleaseLayer Processing error: message was deserialized, but the handler returned false (indicating failure)

[Parent 2782, Gecko_IOThread] WARNING: pipe error: Broken pipe: file /build/firefox-72FCXa/firefox-65.0.1+linuxmint1+tessa/ipc/chromium/src/chrome/common/ipc_channel_posix.cc, line 718
[Parent 2782, Gecko_IOThread] WARNING: pipe error (90): Connection reset by peer: file /build/firefox-72FCXa/firefox-65.0.1+linuxmint1+tessa/ipc/chromium/src/chrome/common/ipc_channel_posix.cc, line 349
1593726031671	mozrunner::runner	INFO	Running command: "/usr/bin/firefox" "-marionette" "-foreground" "-no-remote" "-profile" "/tmp/rust_mozprofileYqQEKN"
1593726032015	addons.webextension.screenshots@mozilla.org	WARN	Loading extension 'screenshots@mozilla.org': Reading manifest: Invalid host permission: resource://pdf.js/
1593726032015	addons.webextension.screenshots@mozilla.org	WARN	Loading extension 'screenshots@mozilla.org': Reading manifest: Invalid host permission: about:reader*
1593726034822	Marionette	INFO	Listening on port 40123
1593726034909	Marionette	WARN	TLS certificate errors will be ignored for this session
1593726040865	Marionette	INFO	Stopped listening on port 40123
1593726334896	mozrunner::runner	INFO	Running command: "/usr/bin/firefox" "-marionette" "-foreground" "-no-remote" "-profile" "/tmp/rust_mozprofilehxpI6J"
1593726335277	addons.webextension.screenshots@mozilla.org	WARN	Loading extension 'screenshots@mozilla.org': Reading manifest: Invalid host permission: resource://pdf.js/
1593726335277	addons.webextension.screenshots@mozilla.org	WARN	Loading extension 'screenshots@mozilla.org': Reading manifest: Invalid host permission: about:reader*
1593726337794	Marionette	INFO	Listening on port 37065
1593726337810	Marionette	WARN	TLS certificate errors will be ignored for this session
1593726342727	Marionette	INFO	Stopped listening on port 37065
[Parent 4499, Gecko_IOThread] WARNING: pipe error (82): Connection reset by peer: file /build/firefox-72FCXa/firefox-65.0.1+linuxmint1+tessa/ipc/chromium/src/chrome/common/ipc_channel_posix.cc, line 349
1593726513562	mozrunner::runner	INFO	Running command: "/usr/bin/firefox" "-marionette" "-foreground" "-no-remote" "-profile" "/tmp/rust_mozprofileuWWTcw"
1593726513887	addons.webextension.screenshots@mozilla.org	WARN	Loading extension 'screenshots@mozilla.org': Reading manifest: Invalid host permission: resource://pdf.js/
1593726513887	addons.webextension.screenshots@mozilla.org	WARN	Loading extension 'screenshots@mozilla.org': Reading manifest: Invalid host permission: about:reader*
1593726516376	Marionette	INFO	Listening on port 38827
1593726516479	Marionette	WARN	TLS certificate errors will be ignored for this session
1593726525296	Marionette	INFO	Stopped listening on port 38827
[Parent 5055, Gecko_IOThread] WARNING: pipe error (76): Connection reset by peer: file /build/firefox-72FCXa/firefox-65.0.1+linuxmint1+tessa/ipc/chromium/src/chrome/common/ipc_channel_posix.cc, line 349
1593726890638	mozrunner::runner	INFO	Running command: "/usr/bin/firefox" "-marionette" "-foreground" "-no-remote" "-profile" "/tmp/rust_mozprofilen8Apev"
1593726890971	addons.webextension.screenshots@mozilla.org	WARN	Loading extension 'screenshots@mozilla.org': Reading manifest: Invalid host permission: resource://pdf.js/
1593726890971	addons.webextension.screenshots@mozilla.org	WARN	Loading extension 'screenshots@mozilla.org': Reading manifest: Invalid host permission: about:reader*
1593726893213	Marionette	INFO	Listening on port 34461
1593726893273	Marionette	WARN	TLS certificate errors will be ignored for this session
1593726907687	Marionette	INFO	Stopped listening on port 34461
[Parent 5563, Gecko_IOThread] WARNING: pipe error (62): Connection reset by peer: file /build/firefox-72FCXa/firefox-65.0.1+linuxmint1+tessa/ipc/chromium/src/chrome/common/ipc_channel_posix.cc, line 349
1593727051462	mozrunner::runner	INFO	Running command: "/usr/bin/firefox" "-marionette" "-foreground" "-no-remote" "-profile" "/tmp/rust_mozprofilet5Be3x"
1593727051807	addons.webextension.screenshots@mozilla.org	WARN	Loading extension 'screenshots@mozilla.org': Reading manifest: Invalid host permission: resource://pdf.js/
1593727051807	addons.webextension.screenshots@mozilla.org	WARN	Loading extension 'screenshots@mozilla.org': Reading manifest: Invalid host permission: about:reader*
1593727054091	Marionette	INFO	Listening on port 36625
1593727054188	Marionette	WARN	TLS certificate errors will be ignored for this session
1593727064278	Marionette	INFO	Stopped listening on port 36625
IPDL protocol error: Handler returned error code!

###!!! [Parent][DispatchAsyncMessage] Error: PLayerTransaction::Msg_ReleaseLayer Processing error: message was deserialized, but the handler returned false (indicating failure)

[Parent 5843, Gecko_IOThread] WARNING: pipe error (76): Connection reset by peer: file /build/firefox-72FCXa/firefox-65.0.1+linuxmint1+tessa/ipc/chromium/src/chrome/common/ipc_channel_posix.cc, line 349
1593727089079	mozrunner::runner	INFO	Running command: "/usr/bin/firefox" "-marionette" "-foreground" "-no-remote" "-profile" "/tmp/rust_mozprofileEE6eDr"
1593727089418	addons.webextension.screenshots@mozilla.org	WARN	Loading extension 'screenshots@mozilla.org': Reading manifest: Invalid host permission: resource://pdf.js/
1593727089418	addons.webextension.screenshots@mozilla.org	WARN	Loading extension 'screenshots@mozilla.org': Reading manifest: Invalid host permission: about:reader*
1593727091855	Marionette	INFO	Listening on port 35557
1593727091940	Marionette	WARN	TLS certificate errors will be ignored for this session
1593727101648	Marionette	INFO	Stopped listening on port 35557
[Parent 6110, Gecko_IOThread] WARNING: pipe error (76): Connection reset by peer: file /build/firefox-72FCXa/firefox-65.0.1+linuxmint1+tessa/ipc/chromium/src/chrome/common/ipc_channel_posix.cc, line 349
1593727182612	mozrunner::runner	INFO	Running command: "/usr/bin/firefox" "-marionette" "-foreground" "-no-remote" "-profile" "/tmp/rust_mozprofileaNWS5J"
1593727182942	addons.webextension.screenshots@mozilla.org	WARN	Loading extension 'screenshots@mozilla.org': Reading manifest: Invalid host permission: resource://pdf.js/
1593727182943	addons.webextension.screenshots@mozilla.org	WARN	Loading extension 'screenshots@mozilla.org': Reading manifest: Invalid host permission: about:reader*
1593727185325	Marionette	INFO	Listening on port 45547
1593727185423	Marionette	WARN	TLS certificate errors will be ignored for this session
1593727190958	Marionette	INFO	Stopped listening on port 45547
[Parent 6417, Gecko_IOThread] WARNING: pipe error (76): Connection reset by peer: file /build/firefox-72FCXa/firefox-65.0.1+linuxmint1+tessa/ipc/chromium/src/chrome/common/ipc_channel_posix.cc, line 349
1593727388084	mozrunner::runner	INFO	Running command: "/usr/bin/firefox" "-marionette" "-foreground" "-no-remote" "-profile" "/tmp/rust_mozprofileKnUFYE"
1593727388421	addons.webextension.screenshots@mozilla.org	WARN	Loading extension 'screenshots@mozilla.org': Reading manifest: Invalid host permission: resource://pdf.js/
1593727388421	addons.webextension.screenshots@mozilla.org	WARN	Loading extension 'screenshots@mozilla.org': Reading manifest: Invalid host permission: about:reader*
1593727391967	Marionette	INFO	Listening on port 43177
1593727392002	Marionette	WARN	TLS certificate errors will be ignored for this session
1593727402833	Marionette	INFO	Stopped listening on port 43177
[Parent 6808, Gecko_IOThread] WARNING: pipe error (76): Connection reset by peer: file /build/firefox-72FCXa/firefox-65.0.1+linuxmint1+tessa/ipc/chromium/src/chrome/common/ipc_channel_posix.cc, line 349
JavaScript error: resource://services-common/kinto-offline-client.js, line 568: Error: getLastModified() The operation failed for reasons unrelated to the database itself and not covered by any other error code.
1593727491689	mozrunner::runner	INFO	Running command: "/usr/bin/firefox" "-marionette" "-foreground" "-no-remote" "-profile" "/tmp/rust_mozprofileYOrd6K"
1593727492013	addons.webextension.screenshots@mozilla.org	WARN	Loading extension 'screenshots@mozilla.org': Reading manifest: Invalid host permission: resource://pdf.js/
1593727492013	addons.webextension.screenshots@mozilla.org	WARN	Loading extension 'screenshots@mozilla.org': Reading manifest: Invalid host permission: about:reader*
1593727499082	Marionette	INFO	Listening on port 37243
1593727499120	Marionette	WARN	TLS certificate errors will be ignored for this session
1593727509546	Marionette	INFO	Stopped listening on port 37243
[Parent 7144, Gecko_IOThread] WARNING: pipe error (85): Connection reset by peer: file /build/firefox-72FCXa/firefox-65.0.1+linuxmint1+tessa/ipc/chromium/src/chrome/common/ipc_channel_posix.cc, line 349
JavaScript error: resource://gre/modules/Sqlite.jsm, line 841: Error: Connection is not open.
console.log: "RemoteSettingsWorker error: UnknownError: The operation failed for reasons unrelated to the database itself and not covered by any other error code."
JavaScript error: resource://gre/modules/ExtensionSettingsStore.jsm, line 103: Error: The ExtensionSettingsStore was accessed before the initialize promise resolved.
1593727649938	mozrunner::runner	INFO	Running command: "/usr/bin/firefox" "-marionette" "-foreground" "-no-remote" "-profile" "/tmp/rust_mozprofilefhUOWp"
1593727650278	addons.webextension.screenshots@mozilla.org	WARN	Loading extension 'screenshots@mozilla.org': Reading manifest: Invalid host permission: resource://pdf.js/
1593727650278	addons.webextension.screenshots@mozilla.org	WARN	Loading extension 'screenshots@mozilla.org': Reading manifest: Invalid host permission: about:reader*
1593727652611	Marionette	INFO	Listening on port 45349
1593727652696	Marionette	WARN	TLS certificate errors will be ignored for this session
1593727662181	Marionette	INFO	Stopped listening on port 45349
[Parent 7453, Gecko_IOThread] WARNING: pipe error (76): Connection reset by peer: file /build/firefox-72FCXa/firefox-65.0.1+linuxmint1+tessa/ipc/chromium/src/chrome/common/ipc_channel_posix.cc, line 349
1593728065648	mozrunner::runner	INFO	Running command: "/usr/bin/firefox" "-marionette" "-foreground" "-no-remote" "-profile" "/tmp/rust_mozprofilejsr3Pi"
1593728065981	addons.webextension.screenshots@mozilla.org	WARN	Loading extension 'screenshots@mozilla.org': Reading manifest: Invalid host permission: resource://pdf.js/
1593728065981	addons.webextension.screenshots@mozilla.org	WARN	Loading extension 'screenshots@mozilla.org': Reading manifest: Invalid host permission: about:reader*
1593728068891	Marionette	INFO	Listening on port 44913
1593728068985	Marionette	WARN	TLS certificate errors will be ignored for this session
1593728080853	Marionette	INFO	Stopped listening on port 44913
[Parent 7892, Gecko_IOThread] WARNING: pipe error (76): Connection reset by peer: file /build/firefox-72FCXa/firefox-65.0.1+linuxmint1+tessa/ipc/chromium/src/chrome/common/ipc_channel_posix.cc, line 349
[Parent 7892, Gecko_IOThread] WARNING: pipe error (62): Connection reset by peer: file /build/firefox-72FCXa/firefox-65.0.1+linuxmint1+tessa/ipc/chromium/src/chrome/common/ipc_channel_posix.cc, line 349
1593728370625	mozrunner::runner	INFO	Running command: "/usr/bin/firefox" "-marionette" "-foreground" "-no-remote" "-profile" "/tmp/rust_mozprofilejdX2Ps"
1593728370956	addons.webextension.screenshots@mozilla.org	WARN	Loading extension 'screenshots@mozilla.org': Reading manifest: Invalid host permission: resource://pdf.js/
1593728370956	addons.webextension.screenshots@mozilla.org	WARN	Loading extension 'screenshots@mozilla.org': Reading manifest: Invalid host permission: about:reader*
1593728373475	Marionette	INFO	Listening on port 35033
1593728373576	Marionette	WARN	TLS certificate errors will be ignored for this session
1593728380942	Marionette	INFO	Stopped listening on port 35033
[Parent 8318, Gecko_IOThread] WARNING: pipe error (90): Connection reset by peer: file /build/firefox-72FCXa/firefox-65.0.1+linuxmint1+tessa/ipc/chromium/src/chrome/common/ipc_channel_posix.cc, line 349
[Parent 8318, Gecko_IOThread] WARNING: pipe error (76): Connection reset by peer: file /build/firefox-72FCXa/firefox-65.0.1+linuxmint1+tessa/ipc/chromium/src/chrome/common/ipc_channel_posix.cc, line 349
1593728750278	mozrunner::runner	INFO	Running command: "/usr/bin/firefox" "-marionette" "-foreground" "-no-remote" "-profile" "/tmp/rust_mozprofilef2KPVb"
1593728750606	addons.webextension.screenshots@mozilla.org	WARN	Loading extension 'screenshots@mozilla.org': Reading manifest: Invalid host permission: resource://pdf.js/
1593728750606	addons.webextension.screenshots@mozilla.org	WARN	Loading extension 'screenshots@mozilla.org': Reading manifest: Invalid host permission: about:reader*
1593728752803	Marionette	INFO	Listening on port 38119
1593728752936	Marionette	WARN	TLS certificate errors will be ignored for this session
1593728761050	Marionette	INFO	Stopped listening on port 38119
[Parent 8741, Gecko_IOThread] WARNING: pipe error (62): Connection reset by peer: file /build/firefox-72FCXa/firefox-65.0.1+linuxmint1+tessa/ipc/chromium/src/chrome/common/ipc_channel_posix.cc, line 349
[Parent 8741, Gecko_IOThread] WARNING: pipe error (76): Connection reset by peer: file /build/firefox-72FCXa/firefox-65.0.1+linuxmint1+tessa/ipc/chromium/src/chrome/common/ipc_channel_posix.cc, line 349
1593728880663	mozrunner::runner	INFO	Running command: "/usr/bin/firefox" "-marionette" "-foreground" "-no-remote" "-profile" "/tmp/rust_mozprofileJjTpCZ"
1593728881226	addons.webextension.screenshots@mozilla.org	WARN	Loading extension 'screenshots@mozilla.org': Reading manifest: Invalid host permission: resource://pdf.js/
1593728881226	addons.webextension.screenshots@mozilla.org	WARN	Loading extension 'screenshots@mozilla.org': Reading manifest: Invalid host permission: about:reader*
1593728884227	Marionette	INFO	Listening on port 41509
1593728884299	Marionette	WARN	TLS certificate errors will be ignored for this session
1593728894051	Marionette	INFO	Stopped listening on port 41509
[Parent 9083, Gecko_IOThread] WARNING: pipe error (76): Connection reset by peer: file /build/firefox-72FCXa/firefox-65.0.1+linuxmint1+tessa/ipc/chromium/src/chrome/common/ipc_channel_posix.cc, line 349
1593728920714	mozrunner::runner	INFO	Running command: "/usr/bin/firefox" "-marionette" "-foreground" "-no-remote" "-profile" "/tmp/rust_mozprofilekdz31z"
1593728921301	addons.webextension.screenshots@mozilla.org	WARN	Loading extension 'screenshots@mozilla.org': Reading manifest: Invalid host permission: resource://pdf.js/
1593728921301	addons.webextension.screenshots@mozilla.org	WARN	Loading extension 'screenshots@mozilla.org': Reading manifest: Invalid host permission: about:reader*
1593728924413	Marionette	INFO	Listening on port 43881
1593728924439	Marionette	WARN	TLS certificate errors will be ignored for this session
1593728928933	Marionette	INFO	Stopped listening on port 43881
[Parent 9379, Gecko_IOThread] WARNING: pipe error (76): Connection reset by peer: file /build/firefox-72FCXa/firefox-65.0.1+linuxmint1+tessa/ipc/chromium/src/chrome/common/ipc_channel_posix.cc, line 349
[Parent 9379, Gecko_IOThread] WARNING: pipe error (79): Connection reset by peer: file /build/firefox-72FCXa/firefox-65.0.1+linuxmint1+tessa/ipc/chromium/src/chrome/common/ipc_channel_posix.cc, line 349
1593728971115	mozrunner::runner	INFO	Running command: "/usr/bin/firefox" "-marionette" "-foreground" "-no-remote" "-profile" "/tmp/rust_mozprofile5BcBhg"
1593728971756	addons.webextension.screenshots@mozilla.org	WARN	Loading extension 'screenshots@mozilla.org': Reading manifest: Invalid host permission: resource://pdf.js/
1593728971757	addons.webextension.screenshots@mozilla.org	WARN	Loading extension 'screenshots@mozilla.org': Reading manifest: Invalid host permission: about:reader*
1593728974770	Marionette	INFO	Listening on port 40451
1593728974884	Marionette	WARN	TLS certificate errors will be ignored for this session
1593728979227	Marionette	INFO	Stopped listening on port 40451
[Parent 9662, Gecko_IOThread] WARNING: pipe error (82): Connection reset by peer: file /build/firefox-72FCXa/firefox-65.0.1+linuxmint1+tessa/ipc/chromium/src/chrome/common/ipc_channel_posix.cc, line 349
1593729081493	mozrunner::runner	INFO	Running command: "/usr/bin/firefox" "-marionette" "-foreground" "-no-remote" "-profile" "/tmp/rust_mozprofileBEgfFi"
1593729081825	addons.webextension.screenshots@mozilla.org	WARN	Loading extension 'screenshots@mozilla.org': Reading manifest: Invalid host permission: resource://pdf.js/
1593729081825	addons.webextension.screenshots@mozilla.org	WARN	Loading extension 'screenshots@mozilla.org': Reading manifest: Invalid host permission: about:reader*
1593729084180	Marionette	INFO	Listening on port 33889
1593729084203	Marionette	WARN	TLS certificate errors will be ignored for this session
1593729098263	Marionette	INFO	Stopped listening on port 33889
[Parent 10065, Gecko_IOThread] WARNING: pipe error (76): Connection reset by peer: file /build/firefox-72FCXa/firefox-65.0.1+linuxmint1+tessa/ipc/chromium/src/chrome/common/ipc_channel_posix.cc, line 349
[Parent 10065, Gecko_IOThread] WARNING: pipe error (62): Connection reset by peer: file /build/firefox-72FCXa/firefox-65.0.1+linuxmint1+tessa/ipc/chromium/src/chrome/common/ipc_channel_posix.cc, line 349
